<?xml version="1.0" encoding="UTF-8"?>
<testsuite xmlns:xsi="http://www.w3.org/2001/XMLSchema-instance" xsi:noNamespaceSchemaLocation="https://maven.apache.org/surefire/maven-surefire-plugin/xsd/surefire-test-report.xsd" name="com.coderap.ArrayTest" time="0.03" tests="15" errors="0" skipped="0" failures="0">
  <properties>
    <property name="sun.desktop" value="windows"/>
    <property name="awt.toolkit" value="sun.awt.windows.WToolkit"/>
    <property name="file.encoding.pkg" value="sun.io"/>
    <property name="java.specification.version" value="1.8"/>
    <property name="sun.cpu.isalist" value="amd64"/>
    <property name="sun.jnu.encoding" value="GBK"/>
    <property name="java.class.path" value="D:\WorkSpace\Idea\Data-Structure-Practices\0.Array\target\test-classes;D:\WorkSpace\Idea\Data-Structure-Practices\0.Array\target\classes;D:\Maven-Repository\junit\junit\4.11\junit-4.11.jar;D:\Maven-Repository\org\hamcrest\hamcrest-core\1.3\hamcrest-core-1.3.jar;"/>
    <property name="java.vm.vendor" value="Oracle Corporation"/>
    <property name="sun.arch.data.model" value="64"/>
    <property name="user.variant" value=""/>
    <property name="java.vendor.url" value="http://java.oracle.com/"/>
    <property name="user.timezone" value=""/>
    <property name="java.vm.specification.version" value="1.8"/>
    <property name="os.name" value="Windows 10"/>
    <property name="user.country" value="CN"/>
    <property name="sun.java.launcher" value="SUN_STANDARD"/>
    <property name="sun.boot.library.path" value="C:\Java\jdk1.8.0_144\jre\bin"/>
    <property name="sun.java.command" value="C:\Users\limyr\AppData\Local\Temp\surefire3890289221066869406\surefirebooter2661270347768318781.jar C:\Users\limyr\AppData\Local\Temp\surefire3890289221066869406 2018-07-31T22-44-48_026-jvmRun1 surefire911532516249990069tmp surefire_0948067031668325471tmp"/>
    <property name="surefire.test.class.path" value="D:\WorkSpace\Idea\Data-Structure-Practices\0.Array\target\test-classes;D:\WorkSpace\Idea\Data-Structure-Practices\0.Array\target\classes;D:\Maven-Repository\junit\junit\4.11\junit-4.11.jar;D:\Maven-Repository\org\hamcrest\hamcrest-core\1.3\hamcrest-core-1.3.jar;"/>
    <property name="sun.cpu.endian" value="little"/>
    <property name="user.home" value="C:\Users\limyr"/>
    <property name="user.language" value="zh"/>
    <property name="java.specification.vendor" value="Oracle Corporation"/>
    <property name="java.home" value="C:\Java\jdk1.8.0_144\jre"/>
    <property name="basedir" value="D:\WorkSpace\Idea\Data-Structure-Practices\0.Array"/>
    <property name="file.separator" value="\"/>
    <property name="line.separator" value="&#10;"/>
    <property name="java.vm.specification.vendor" value="Oracle Corporation"/>
    <property name="java.specification.name" value="Java Platform API Specification"/>
    <property name="java.awt.graphicsenv" value="sun.awt.Win32GraphicsEnvironment"/>
    <property name="surefire.real.class.path" value="C:\Users\limyr\AppData\Local\Temp\surefire3890289221066869406\surefirebooter2661270347768318781.jar"/>
    <property name="sun.boot.class.path" value="C:\Java\jdk1.8.0_144\jre\lib\resources.jar;C:\Java\jdk1.8.0_144\jre\lib\rt.jar;C:\Java\jdk1.8.0_144\jre\lib\sunrsasign.jar;C:\Java\jdk1.8.0_144\jre\lib\jsse.jar;C:\Java\jdk1.8.0_144\jre\lib\jce.jar;C:\Java\jdk1.8.0_144\jre\lib\charsets.jar;C:\Java\jdk1.8.0_144\jre\lib\jfr.jar;C:\Java\jdk1.8.0_144\jre\classes"/>
    <property name="user.script" value=""/>
    <property name="sun.management.compiler" value="HotSpot 64-Bit Tiered Compilers"/>
    <property name="java.runtime.version" value="1.8.0_144-b01"/>
    <property name="user.name" value="limyronChin"/>
    <property name="path.separator" value=";"/>
    <property name="os.version" value="10.0"/>
    <property name="java.endorsed.dirs" value="C:\Java\jdk1.8.0_144\jre\lib\endorsed"/>
    <property name="java.runtime.name" value="Java(TM) SE Runtime Environment"/>
    <property name="file.encoding" value="GBK"/>
    <property name="java.vm.name" value="Java HotSpot(TM) 64-Bit Server VM"/>
    <property name="localRepository" value="D:\Maven-Repository"/>
    <property name="java.vendor.url.bug" value="http://bugreport.sun.com/bugreport/"/>
    <property name="java.io.tmpdir" value="C:\Users\limyr\AppData\Local\Temp\"/>
    <property name="idea.version" value="2017.2"/>
    <property name="java.version" value="1.8.0_144"/>
    <property name="user.dir" value="D:\WorkSpace\Idea\Data-Structure-Practices\0.Array"/>
    <property name="os.arch" value="amd64"/>
    <property name="java.vm.specification.name" value="Java Virtual Machine Specification"/>
    <property name="java.awt.printerjob" value="sun.awt.windows.WPrinterJob"/>
    <property name="sun.os.patch.level" value=""/>
    <property name="java.library.path" value="C:\Java\jdk1.8.0_144\jre\bin;C:\WINDOWS\Sun\Java\bin;C:\WINDOWS\system32;C:\WINDOWS;C:\ProgramData\Oracle\Java\javapath;C:\WINDOWS\system32;C:\WINDOWS;C:\WINDOWS\System32\Wbem;C:\WINDOWS\System32\WindowsPowerShell\v1.0\;C:\Java\jdk1.8.0_144\bin;C:\Java\jdk1.8.0_144\jre\bin;C:\Program Files\MySQL\MySQL Server 5.5\bin;C:\Java\apache-maven-3.5.4\bin;C:\Java\hadoop-2.7.2\bin;C:\Java\hadoop-2.7.2\sbin;D:\Program Files (x86)\Rational\common;C:\Java\protoc-2.5.0-win32;D:\Program Files (x86)\Pandoc\;d:\Program Files\Git\cmd;D:\Program Files (x86)\Calibre2\;D:\Program Files\node-v9.10.1-win-x64\;C:\IDE\JetBrains\WebStorm 2017.2\bin\;C:\Java\scala\bin;D:\Program Files\Sublime Text 3;D:\Program Files\Python\Python36;D:\Program Files\Python\Python27;D:\Program Files\Python\Python27\Scripts;D:\Program Files\Python\Python36\Scripts;D:\Program Files\TortoiseGit\bin;C:\Java\akka-2.4.16\bin;D:\Program Files\nginx-1.12.2;D:\Program Files\Redis-x64-3.2.100;C:\WINDOWS\System32\OpenSSH\;D:\Program Files (x86)\Netcat;C:\Users\limyr\AppData\Local\Microsoft\WindowsApps;;D:\Program Files\Fiddler;."/>
    <property name="java.vm.info" value="mixed mode"/>
    <property name="java.vendor" value="Oracle Corporation"/>
    <property name="java.vm.version" value="25.144-b01"/>
    <property name="java.ext.dirs" value="C:\Java\jdk1.8.0_144\jre\lib\ext;C:\WINDOWS\Sun\Java\lib\ext"/>
    <property name="sun.io.unicode.encoding" value="UnicodeLittle"/>
    <property name="java.class.version" value="52.0"/>
  </properties>
  <testcase name="addFirst" classname="com.coderap.ArrayTest" time="0.001"/>
  <testcase name="addLast" classname="com.coderap.ArrayTest" time="0"/>
  <testcase name="remove" classname="com.coderap.ArrayTest" time="0"/>
  <testcase name="resize" classname="com.coderap.ArrayTest" time="0"/>
  <testcase name="contains" classname="com.coderap.ArrayTest" time="0"/>
  <testcase name="removeElement" classname="com.coderap.ArrayTest" time="0"/>
  <testcase name="removeFirst" classname="com.coderap.ArrayTest" time="0"/>
  <testcase name="getSize" classname="com.coderap.ArrayTest" time="0"/>
  <testcase name="add" classname="com.coderap.ArrayTest" time="0.001"/>
  <testcase name="get" classname="com.coderap.ArrayTest" time="0"/>
  <testcase name="set" classname="com.coderap.ArrayTest" time="0"/>
  <testcase name="find" classname="com.coderap.ArrayTest" time="0"/>
  <testcase name="removeLast" classname="com.coderap.ArrayTest" time="0"/>
  <testcase name="getCapacity" classname="com.coderap.ArrayTest" time="0"/>
  <testcase name="isEmpty" classname="com.coderap.ArrayTest" time="0"/>
</testsuite>